[     546ms] [LOG] %c
▲

__  __                                     _            __
\ \/ /___  __  __   _________ _____       (_)_  _______/ /_
 \  / __ \/ / / /  / ___/ __ `/ __ \     / / / / / ___/ __/
 / / /_/ / /_/ /  / /__/ /_/ / / / /    / / /_/ (__  ) /_
/_/\____/\__,_/   \___/\__,_/_/ /_/  __/ /\__,_/____/\__/
         __    _          __  __    /___/
   _____/ /_  (_)___     / /_/ /_  (_)___  ____ ______
  / ___/ __ \/ / __ \   / __/ __ \/ / __ \/ __ `/ ___/
 (__  ) / / / / /_/ /  / /_/ / / / / / / / /_/ (__  )
/____/_/ /_/_/ .___/   \__/_/ /_/_/_/ /_/\__, /____/
            /_/                         /____/
  

Hello!

- Open Source https://vercel.com/oss
- Careers https://vercel.com/careers
- Status https://vercel-status.com

 font-family: "Geist Mono", monospace; white-space: pre; line-height: 1; @ https://vercel.com/vc-ap-vercel-docs/_next/static/immutable/chunks/3hmc-8lex2res.js:78
[     915ms] [WARNING] Invalid keyframe value for property scale: Infinity Infinity @ https://vercel.com/vc-ap-vercel-docs/_next/static/immutable/chunks/1v6zobr9-u0za.js:1
[     915ms] [WARNING] Invalid keyframe value for property scale: Infinity Infinity @ https://vercel.com/vc-ap-vercel-docs/_next/static/immutable/chunks/1v6zobr9-u0za.js:1
[     916ms] [WARNING] Invalid keyframe value for property scale: Infinity Infinity @ https://vercel.com/vc-ap-vercel-docs/_next/static/immutable/chunks/1v6zobr9-u0za.js:1
[     917ms] [WARNING] Invalid keyframe value for property scale: Infinity Infinity @ https://vercel.com/vc-ap-vercel-docs/_next/static/immutable/chunks/1v6zobr9-u0za.js:1
[     972ms] [ERROR] Failed to load resource: the server responded with a status of 403 () @ https://vercel.com/api/jwt:0
[    1087ms] [WARNING] Deprecated API for given entry type. @ https://vercel.com/vc-ap-vercel-docs/_next/static/immutable/chunks/2dquu2frkcgly.js:18
[    1170ms] [ERROR] Failed to load resource: the server responded with a status of 429 () @ https://o205439.ingest.us.sentry.io/api/4507726617772033/envelope/?sentry_key=fa4620bf2250a67e0f31636787ee5ad5&sentry_version=7&sentry_client=sentry.javascript.browser%2F7.111.0:0
[    6153ms] [WARNING] The resource https://vercel.com/vc-ap-vercel-docs/_next/static/immutable/chunks/2npbwx1uxz4r4.css was preloaded using link preload but not used within a few seconds from the window's load event. Please make sure it has an appropriate `as` value and it is preloaded intentionally. @ https://vercel.com/docs/logs/runtime:0
[    6153ms] [WARNING] The resource https://vercel.com/vc-ap-vercel-docs/_next/static/immutable/chunks/12btl5i0z7ihz.css was preloaded using link preload but not used within a few seconds from the window's load event. Please make sure it has an appropriate `as` value and it is preloaded intentionally. @ https://vercel.com/docs/logs/runtime:0
[    6153ms] [WARNING] The resource https://vercel.com/vc-ap-vercel-docs/_next/static/immutable/chunks/0ecvurds4722y.css was preloaded using link preload but not used within a few seconds from the window's load event. Please make sure it has an appropriate `as` value and it is preloaded intentionally. @ https://vercel.com/docs/logs/runtime:0
[    6153ms] [WARNING] The resource https://vercel.com/vc-ap-0cca3e/_next/static/immutable/chunks/0d2-u0jndi3g3.js was preloaded using link preload but not used within a few seconds from the window's load event. Please make sure it has an appropriate `as` value and it is preloaded intentionally. @ https://vercel.com/docs/logs/runtime:0
[    6153ms] [WARNING] The resource https://vercel-docs.vercel.sh/vc-ap-0cca3e/_next/static/immutable/chunks/0d2-u0jndi3g3.js was preloaded using link preload but not used within a few seconds from the window's load event. Please make sure it has an appropriate `as` value and it is preloaded intentionally. @ https://vercel.com/docs/logs/runtime:0
[   14518ms] [WARNING] The resource https://vercel.com/vc-ap-vercel-docs/_next/static/immutable/chunks/2npbwx1uxz4r4.css was preloaded using link preload but not used within a few seconds from the window's load event. Please make sure it has an appropriate `as` value and it is preloaded intentionally. @ https://vercel.com/docs/logs/runtime:0
[   14518ms] [WARNING] The resource https://vercel.com/vc-ap-vercel-docs/_next/static/immutable/chunks/12btl5i0z7ihz.css was preloaded using link preload but not used within a few seconds from the window's load event. Please make sure it has an appropriate `as` value and it is preloaded intentionally. @ https://vercel.com/docs/logs/runtime:0
[   14518ms] [WARNING] The resource https://vercel.com/vc-ap-vercel-docs/_next/static/immutable/chunks/0ecvurds4722y.css was preloaded using link preload but not used within a few seconds from the window's load event. Please make sure it has an appropriate `as` value and it is preloaded intentionally. @ https://vercel.com/docs/logs/runtime:0
[   14518ms] [WARNING] The resource https://vercel.com/vc-ap-0cca3e/_next/static/immutable/chunks/0d2-u0jndi3g3.js was preloaded using link preload but not used within a few seconds from the window's load event. Please make sure it has an appropriate `as` value and it is preloaded intentionally. @ https://vercel.com/docs/logs/runtime:0
[   14518ms] [WARNING] The resource https://vercel-docs.vercel.sh/vc-ap-0cca3e/_next/static/immutable/chunks/0d2-u0jndi3g3.js was preloaded using link preload but not used within a few seconds from the window's load event. Please make sure it has an appropriate `as` value and it is preloaded intentionally. @ https://vercel.com/docs/logs/runtime:0
[   27635ms] [WARNING] The resource https://vercel.com/vc-ap-vercel-docs/_next/static/immutable/chunks/2npbwx1uxz4r4.css was preloaded using link preload but not used within a few seconds from the window's load event. Please make sure it has an appropriate `as` value and it is preloaded intentionally. @ https://vercel.com/docs/logs/runtime:0
[   27635ms] [WARNING] The resource https://vercel.com/vc-ap-vercel-docs/_next/static/immutable/chunks/12btl5i0z7ihz.css was preloaded using link preload but not used within a few seconds from the window's load event. Please make sure it has an appropriate `as` value and it is preloaded intentionally. @ https://vercel.com/docs/logs/runtime:0
[   27635ms] [WARNING] The resource https://vercel.com/vc-ap-vercel-docs/_next/static/immutable/chunks/0ecvurds4722y.css was preloaded using link preload but not used within a few seconds from the window's load event. Please make sure it has an appropriate `as` value and it is preloaded intentionally. @ https://vercel.com/docs/logs/runtime:0
[   27635ms] [WARNING] The resource https://vercel.com/vc-ap-0cca3e/_next/static/immutable/chunks/0d2-u0jndi3g3.js was preloaded using link preload but not used within a few seconds from the window's load event. Please make sure it has an appropriate `as` value and it is preloaded intentionally. @ https://vercel.com/docs/logs/runtime:0
[   27635ms] [WARNING] The resource https://vercel-docs.vercel.sh/vc-ap-0cca3e/_next/static/immutable/chunks/0d2-u0jndi3g3.js was preloaded using link preload but not used within a few seconds from the window's load event. Please make sure it has an appropriate `as` value and it is preloaded intentionally. @ https://vercel.com/docs/logs/runtime:0
[ 4388321ms] [WARNING] The resource https://vercel.com/vc-ap-vercel-docs/_next/static/immutable/chunks/2npbwx1uxz4r4.css was preloaded using link preload but not used within a few seconds from the window's load event. Please make sure it has an appropriate `as` value and it is preloaded intentionally. @ https://vercel.com/docs/logs/runtime:0
[ 4388321ms] [WARNING] The resource https://vercel.com/vc-ap-vercel-docs/_next/static/immutable/chunks/12btl5i0z7ihz.css was preloaded using link preload but not used within a few seconds from the window's load event. Please make sure it has an appropriate `as` value and it is preloaded intentionally. @ https://vercel.com/docs/logs/runtime:0
[ 4388321ms] [WARNING] The resource https://vercel.com/vc-ap-vercel-docs/_next/static/immutable/chunks/0ecvurds4722y.css was preloaded using link preload but not used within a few seconds from the window's load event. Please make sure it has an appropriate `as` value and it is preloaded intentionally. @ https://vercel.com/docs/logs/runtime:0
[ 4388322ms] [WARNING] The resource https://vercel.com/vc-ap-0cca3e/_next/static/immutable/chunks/0d2-u0jndi3g3.js was preloaded using link preload but not used within a few seconds from the window's load event. Please make sure it has an appropriate `as` value and it is preloaded intentionally. @ https://vercel.com/docs/logs/runtime:0
[ 4388322ms] [WARNING] The resource https://vercel-docs.vercel.sh/vc-ap-0cca3e/_next/static/immutable/chunks/0d2-u0jndi3g3.js was preloaded using link preload but not used within a few seconds from the window's load event. Please make sure it has an appropriate `as` value and it is preloaded intentionally. @ https://vercel.com/docs/logs/runtime:0
